<?xml version="1.0" encoding="UTF-8"?>
<!-- Generated by org.testng.reporters.JUnitReportReporter -->
<testsuite hostname="bhagyameena1" failures="0" tests="7" name="com.selenium.flipkart_automation.tests.ProductPageTest" time="287.937" errors="0" timestamp="09 Feb 2022 17:24:43 GMT" skipped="0">
  <testcase classname="com.selenium.flipkart_automation.tests.ProductPageTest" name="changeProductSize" time="33.163"/>
  <testcase classname="com.selenium.flipkart_automation.tests.ProductPageTest" name="addToCart" time="52.612"/>
  <testcase classname="com.selenium.flipkart_automation.tests.ProductPageTest" name="clickOnAddToCompare" time="39.169"/>
  <testcase classname="com.selenium.flipkart_automation.tests.ProductPageTest" name="removeItemFromCart" time="51.416"/>
  <testcase classname="com.selenium.flipkart_automation.tests.ProductPageTest" name="clickFunctionality" time="30.071"/>
  <testcase classname="com.selenium.flipkart_automation.tests.ProductPageTest" name="saveForLaterItemFromCart" time="41.302"/>
  <testcase classname="com.selenium.flipkart_automation.tests.ProductPageTest" name="clickOnAskExpertButton" time="40.204"/>
</testsuite> <!-- com.selenium.flipkart_automation.tests.ProductPageTest -->
