<?xml version="1.0" encoding="UTF-8"?>
<!-- Generated by org.testng.reporters.JUnitReportReporter -->
<testsuite hostname="bhagyameena1" failures="0" tests="2" name="com.selenium.flipkart_automation.tests.LoginTest" time="25.076" errors="0" timestamp="31 Jan 2022 06:18:50 GMT" skipped="0">
  <testcase classname="com.selenium.flipkart_automation.tests.LoginTest" name="validLogIn" time="11.552"/>
  <testcase classname="com.selenium.flipkart_automation.tests.LoginTest" name="inValidLogIn" time="13.524"/>
</testsuite> <!-- com.selenium.flipkart_automation.tests.LoginTest -->
