<?xml version="1.0" encoding="UTF-8"?>
<!-- Generated by org.testng.reporters.JUnitReportReporter -->
<testsuite hostname="bhagyameena1" failures="0" tests="8" name="com.selenium.flipkart_automation.tests.HomePageTest" time="248.907" errors="0" timestamp="09 Feb 2022 17:24:43 GMT" skipped="0">
  <testcase classname="com.selenium.flipkart_automation.tests.HomePageTest" name="clickOnNextPageButtons" time="38.735"/>
  <testcase classname="com.selenium.flipkart_automation.tests.HomePageTest" name="sortingFunctionality" time="17.830"/>
  <testcase classname="com.selenium.flipkart_automation.tests.HomePageTest" name="logoButtonFunctionality" time="18.399"/>
  <testcase classname="com.selenium.flipkart_automation.tests.HomePageTest" name="changePriceByFilter" time="37.483"/>
  <testcase classname="com.selenium.flipkart_automation.tests.HomePageTest" name="searchFunctionality" time="24.338"/>
  <testcase classname="com.selenium.flipkart_automation.tests.HomePageTest" name="wishlistFunctionality" time="44.785"/>
  <testcase classname="com.selenium.flipkart_automation.tests.HomePageTest" name="checkReviewsAndRating" time="37.891"/>
  <testcase classname="com.selenium.flipkart_automation.tests.HomePageTest" name="clickOnBackToButton" time="29.446"/>
</testsuite> <!-- com.selenium.flipkart_automation.tests.HomePageTest -->
