<?xml version="1.0" encoding="UTF-8"?>
<!-- Generated by org.testng.reporters.JUnitReportReporter -->
<testsuite hostname="bhagyameena1" failures="0" tests="1" name="com.selenium.flipkart_automation.tests.LogoutPageTest" time="35.850" errors="0" timestamp="09 Feb 2022 15:47:27 GMT" skipped="0">
  <testcase classname="com.selenium.flipkart_automation.tests.LogoutPageTest" name="userLogout" time="35.850"/>
</testsuite> <!-- com.selenium.flipkart_automation.tests.LogoutPageTest -->
