<?xml version="1.0" encoding="UTF-8"?>
<!-- Generated by org.testng.reporters.JUnitReportReporter -->
<testsuite hostname="bhagyameena1" failures="0" tests="2" name="com.selenium.flipkart_automation.tests.ProductOrderPageTest" time="37.486" errors="0" timestamp="09 Feb 2022 15:47:27 GMT" skipped="0">
  <testcase classname="com.selenium.flipkart_automation.tests.ProductOrderPageTest" name="clickFunctionality" time="16.197"/>
  <testcase classname="com.selenium.flipkart_automation.tests.ProductOrderPageTest" name="filterByOrderStatus" time="21.289"/>
</testsuite> <!-- com.selenium.flipkart_automation.tests.ProductOrderPageTest -->
