<?xml version="1.0" encoding="UTF-8"?>
<!-- Generated by org.testng.reporters.JUnitReportReporter -->
<testsuite hostname="bhagyameena1" failures="0" tests="2" name="com.selenium.flipkart_automation.tests.LoginPageTest" time="21.711" errors="0" timestamp="09 Feb 2022 15:47:27 GMT" skipped="0">
  <testcase classname="com.selenium.flipkart_automation.tests.LoginPageTest" name="inValidLogIn" time="15.138"/>
  <testcase classname="com.selenium.flipkart_automation.tests.LoginPageTest" name="validLogIn" time="6.573"/>
</testsuite> <!-- com.selenium.flipkart_automation.tests.LoginPageTest -->
